<?xml version="1.0" encoding="utf-8"?><testsuites name="pytest tests"><testsuite name="pytest" errors="0" failures="0" skipped="0" tests="92" time="70.024" timestamp="2026-05-24T18:23:40.083580+00:00" hostname="agent-env-b9a77fdb-2bd7-4443-8800-140fb2afc3ee"><testcase classname="backend.tests.test_erp_api.TestParties" name="test_auth_required" time="0.142" /><testcase classname="backend.tests.test_erp_api.TestParties" name="test_create_customer" time="0.494" /><testcase classname="backend.tests.test_erp_api.TestParties" name="test_create_supplier" time="0.115" /><testcase classname="backend.tests.test_erp_api.TestParties" name="test_list_parties" time="0.108" /><testcase classname="backend.tests.test_erp_api.TestParties" name="test_filter_by_kind" time="0.117" /><testcase classname="backend.tests.test_erp_api.TestParties" name="test_update_party" time="0.242" /><testcase classname="backend.tests.test_erp_api.TestProducts" name="test_create_product" time="0.116" /><testcase classname="backend.tests.test_erp_api.TestProducts" name="test_list_products" time="0.141" /><testcase classname="backend.tests.test_erp_api.TestProducts" name="test_update_product" time="0.112" /><testcase classname="backend.tests.test_erp_api.TestInvoices" name="test_create_invoice_with_taxes" time="0.136" /><testcase classname="backend.tests.test_erp_api.TestInvoices" name="test_invoice_no_tax" time="0.126" /><testcase classname="backend.tests.test_erp_api.TestInvoices" name="test_list_invoices" time="0.117" /><testcase classname="backend.tests.test_erp_api.TestInvoices" name="test_get_invoice" time="0.111" /><testcase classname="backend.tests.test_erp_api.TestInvoices" name="test_update_invoice_status" time="0.114" /><testcase classname="backend.tests.test_erp_api.TestPurchaseOrders" name="test_create_po" time="0.131" /><testcase classname="backend.tests.test_erp_api.TestPurchaseOrders" name="test_list_pos" time="0.126" /><testcase classname="backend.tests.test_erp_api.TestBOL" name="test_create_bol" time="0.109" /><testcase classname="backend.tests.test_erp_api.TestBOL" name="test_list_bols" time="0.154" /><testcase classname="backend.tests.test_erp_api.TestDashboard" name="test_dashboard" time="0.109" /><testcase classname="backend.tests.test_erp_api.TestCSVExports" name="test_invoices_csv" time="0.119" /><testcase classname="backend.tests.test_erp_api.TestCSVExports" name="test_purchase_orders_csv" time="0.113" /><testcase classname="backend.tests.test_erp_api.TestCSVExports" name="test_bol_csv_endpoint_exists" time="0.105" /><testcase classname="backend.tests.test_erp_api.TestPDF" name="test_invoice_pdf" time="0.195" /><testcase classname="backend.tests.test_erp_api.TestPDF" name="test_po_pdf" time="0.189" /><testcase classname="backend.tests.test_erp_api.TestPDF" name="test_bol_pdf" time="0.170" /><testcase classname="backend.tests.test_erp_api.TestEmail" name="test_send_invoice_email" time="0.419" /><testcase classname="backend.tests.test_erp_api.TestEmail" name="test_send_po_email" time="0.411" /><testcase classname="backend.tests.test_erp_api.TestEmail" name="test_send_bol_email" time="0.390" /><testcase classname="backend.tests.test_erp_api.TestZCleanup" name="test_delete_invoice" time="0.106" /><testcase classname="backend.tests.test_erp_api.TestZCleanup" name="test_delete_po" time="0.147" /><testcase classname="backend.tests.test_erp_api.TestZCleanup" name="test_delete_bol" time="0.119" /><testcase classname="backend.tests.test_erp_api.TestZCleanup" name="test_delete_product" time="0.141" /><testcase classname="backend.tests.test_erp_api.TestZCleanup" name="test_delete_parties" time="0.223" /><testcase classname="backend.tests.test_erp_appointments" name="test_create_returns_id_and_status_default" time="0.667" /><testcase classname="backend.tests.test_erp_appointments" name="test_list_with_date_range_filter" time="0.359" /><testcase classname="backend.tests.test_erp_appointments" name="test_get_by_id" time="0.333" /><testcase classname="backend.tests.test_erp_appointments" name="test_update_changes_status" time="0.344" /><testcase classname="backend.tests.test_erp_appointments" name="test_delete_then_404" time="0.353" /><testcase classname="backend.tests.test_erp_appointments" name="test_create_rejects_missing_title" time="0.121" /><testcase classname="backend.tests.test_erp_appointments" name="test_invalid_status_rejected" time="0.103" /><testcase classname="backend.tests.test_erp_appointments" name="test_unauthorized_rejected" time="0.110" /><testcase classname="backend.tests.test_erp_mark_paid" name="test_mark_paid_changes_status" time="0.921" /><testcase classname="backend.tests.test_erp_mark_paid" name="test_mark_paid_idempotent" time="0.867" /><testcase classname="backend.tests.test_erp_mark_paid" name="test_mark_paid_404" time="0.119" /><testcase classname="backend.tests.test_erp_reminders" name="test_run_now_sends_j7_reminder_for_overdue_invoice" time="1.584" /><testcase classname="backend.tests.test_erp_reminders" name="test_run_now_is_idempotent" time="1.071" /><testcase classname="backend.tests.test_erp_reminders" name="test_manual_reminder_level_30" time="1.099" /><testcase classname="backend.tests.test_erp_reminders" name="test_manual_reminder_invalid_level_rejected" time="0.549" /><testcase classname="backend.tests.test_erp_reminders" name="test_manual_reminder_not_found" time="10.141" /><testcase classname="backend.tests.test_portech_api.TestRoot" name="test_root_message" time="36.026" /><testcase classname="backend.tests.test_portech_api.TestAuth" name="test_login_success" time="0.290" /><testcase classname="backend.tests.test_portech_api.TestAuth" name="test_login_wrong_password" time="0.298" /><testcase classname="backend.tests.test_portech_api.TestAuth" name="test_login_wrong_username" time="0.051" /><testcase classname="backend.tests.test_portech_api.TestAuth" name="test_me_with_bearer" time="0.344" /><testcase classname="backend.tests.test_portech_api.TestAuth" name="test_me_without_token" time="0.183" /><testcase classname="backend.tests.test_portech_api.TestAuth" name="test_logout_clears_cookie" time="0.454" /><testcase classname="backend.tests.test_portech_api.TestContact" name="test_post_valid_with_company_and_work_location" time="0.269" /><testcase classname="backend.tests.test_portech_api.TestContact" name="test_post_valid_without_company" time="0.215" /><testcase classname="backend.tests.test_portech_api.TestContact" name="test_post_missing_work_location_returns_422" time="0.124" /><testcase classname="backend.tests.test_portech_api.TestContact" name="test_post_invalid_email" time="0.053" /><testcase classname="backend.tests.test_portech_api.TestContact" name="test_post_missing_field[name]" time="0.057" /><testcase classname="backend.tests.test_portech_api.TestContact" name="test_post_missing_field[phone]" time="0.055" /><testcase classname="backend.tests.test_portech_api.TestContact" name="test_post_missing_field[email]" time="0.074" /><testcase classname="backend.tests.test_portech_api.TestContact" name="test_post_missing_field[message]" time="0.055" /><testcase classname="backend.tests.test_portech_api.TestContact" name="test_post_missing_field[work_location]" time="0.059" /><testcase classname="backend.tests.test_portech_api.TestAdmin" name="test_submissions_requires_auth" time="0.137" /><testcase classname="backend.tests.test_portech_api.TestAdmin" name="test_submissions_with_auth" time="0.064" /><testcase classname="backend.tests.test_portech_api.TestAdmin" name="test_stats_requires_auth" time="0.128" /><testcase classname="backend.tests.test_portech_api.TestAdmin" name="test_stats_with_auth" time="0.067" /><testcase classname="backend.tests.test_portech_api.TestAdmin" name="test_delete_submission" time="0.423" /><testcase classname="backend.tests.test_portech_api.TestStatus" name="test_post_status" time="0.055" /><testcase classname="backend.tests.test_portech_api.TestStatus" name="test_get_status" time="0.057" /><testcase classname="backend.tests.test_prospection_api.TestAuthGuard" name="test_requires_auth[/admin/prospection/stats-GET]" time="0.119" /><testcase classname="backend.tests.test_prospection_api.TestAuthGuard" name="test_requires_auth[/admin/prospection/prospects-GET]" time="0.111" /><testcase classname="backend.tests.test_prospection_api.TestAuthGuard" name="test_requires_auth[/admin/prospection/campaigns-GET]" time="0.109" /><testcase classname="backend.tests.test_prospection_api.TestAuthGuard" name="test_requires_auth[/admin/prospection/campaigns/default-GET]" time="0.112" /><testcase classname="backend.tests.test_prospection_api.TestAuthGuard" name="test_requires_auth[/admin/prospection/outbox-GET]" time="0.116" /><testcase classname="backend.tests.test_prospection_api.TestStats" name="test_stats_shape" time="0.396" /><testcase classname="backend.tests.test_prospection_api.TestDefaultTemplate" name="test_default_template" time="0.052" /><testcase classname="backend.tests.test_prospection_api.TestProspectCRUD" name="test_create" time="0.058" /><testcase classname="backend.tests.test_prospection_api.TestProspectCRUD" name="test_list_filter_has_email" time="0.049" /><testcase classname="backend.tests.test_prospection_api.TestProspectCRUD" name="test_list_filter_region" time="0.049" /><testcase classname="backend.tests.test_prospection_api.TestProspectCRUD" name="test_update" time="0.106" /><testcase classname="backend.tests.test_prospection_api.TestProspectCRUD" name="test_delete" time="0.094" /><testcase classname="backend.tests.test_prospection_api.TestScrape" name="test_scrape_montreal" time="3.254" /><testcase classname="backend.tests.test_prospection_api.TestCampaign" name="test_create_campaign" time="0.101" /><testcase classname="backend.tests.test_prospection_api.TestCampaign" name="test_update_campaign" time="0.047" /><testcase classname="backend.tests.test_prospection_api.TestCampaign" name="test_send_requires_confirm" time="0.149" /><testcase classname="backend.tests.test_prospection_api.TestCampaign" name="test_send_test_only" time="0.350" /><testcase classname="backend.tests.test_prospection_api.TestCampaign" name="test_send_real_skips_no_email" time="0.577" /><testcase classname="backend.tests.test_prospection_api.TestCampaign" name="test_delete_campaign" time="0.044" /><testcase classname="backend.tests.test_prospection_api.TestZCleanup" name="test_cleanup_test_prospects" time="0.051" /></testsuite></testsuites>