<?xml version="1.0" encoding="utf-8"?><testsuites name="pytest tests"><testsuite name="pytest" errors="0" failures="0" skipped="0" tests="20" time="11.667" timestamp="2026-05-24T18:23:23.539245+00:00" hostname="agent-env-b9a77fdb-2bd7-4443-8800-140fb2afc3ee"><testcase classname="backend.tests.test_prospection_api.TestAuthGuard" name="test_requires_auth[/admin/prospection/stats-GET]" time="0.256" /><testcase classname="backend.tests.test_prospection_api.TestAuthGuard" name="test_requires_auth[/admin/prospection/prospects-GET]" time="0.116" /><testcase classname="backend.tests.test_prospection_api.TestAuthGuard" name="test_requires_auth[/admin/prospection/campaigns-GET]" time="0.113" /><testcase classname="backend.tests.test_prospection_api.TestAuthGuard" name="test_requires_auth[/admin/prospection/campaigns/default-GET]" time="0.109" /><testcase classname="backend.tests.test_prospection_api.TestAuthGuard" name="test_requires_auth[/admin/prospection/outbox-GET]" time="0.120" /><testcase classname="backend.tests.test_prospection_api.TestStats" name="test_stats_shape" time="0.403" /><testcase classname="backend.tests.test_prospection_api.TestDefaultTemplate" name="test_default_template" time="0.050" /><testcase classname="backend.tests.test_prospection_api.TestProspectCRUD" name="test_create" time="0.070" /><testcase classname="backend.tests.test_prospection_api.TestProspectCRUD" name="test_list_filter_has_email" time="0.050" /><testcase classname="backend.tests.test_prospection_api.TestProspectCRUD" name="test_list_filter_region" time="0.050" /><testcase classname="backend.tests.test_prospection_api.TestProspectCRUD" name="test_update" time="0.101" /><testcase classname="backend.tests.test_prospection_api.TestProspectCRUD" name="test_delete" time="0.110" /><testcase classname="backend.tests.test_prospection_api.TestScrape" name="test_scrape_montreal" time="8.623" /><testcase classname="backend.tests.test_prospection_api.TestCampaign" name="test_create_campaign" time="0.105" /><testcase classname="backend.tests.test_prospection_api.TestCampaign" name="test_update_campaign" time="0.047" /><testcase classname="backend.tests.test_prospection_api.TestCampaign" name="test_send_requires_confirm" time="0.156" /><testcase classname="backend.tests.test_prospection_api.TestCampaign" name="test_send_test_only" time="0.407" /><testcase classname="backend.tests.test_prospection_api.TestCampaign" name="test_send_real_skips_no_email" time="0.575" /><testcase classname="backend.tests.test_prospection_api.TestCampaign" name="test_delete_campaign" time="0.049" /><testcase classname="backend.tests.test_prospection_api.TestZCleanup" name="test_cleanup_test_prospects" time="0.051" /></testsuite></testsuites>