<?xml version="1.0" encoding="utf-8"?><testsuites name="pytest tests"><testsuite name="pytest" errors="0" failures="0" skipped="1" tests="56" time="10.997" timestamp="2026-04-28T00:08:03.741215+00:00" hostname="agent-env-b9a77fdb-2bd7-4443-8800-140fb2afc3ee"><testcase classname="backend.tests.test_erp_api.TestParties" name="test_auth_required" time="0.264" /><testcase classname="backend.tests.test_erp_api.TestParties" name="test_create_customer" time="0.530" /><testcase classname="backend.tests.test_erp_api.TestParties" name="test_create_supplier" time="0.161" /><testcase classname="backend.tests.test_erp_api.TestParties" name="test_list_parties" time="0.169" /><testcase classname="backend.tests.test_erp_api.TestParties" name="test_filter_by_kind" time="0.168" /><testcase classname="backend.tests.test_erp_api.TestParties" name="test_update_party" time="0.270" /><testcase classname="backend.tests.test_erp_api.TestProducts" name="test_create_product" time="0.113" /><testcase classname="backend.tests.test_erp_api.TestProducts" name="test_list_products" time="0.155" /><testcase classname="backend.tests.test_erp_api.TestProducts" name="test_update_product" time="0.128" /><testcase classname="backend.tests.test_erp_api.TestInvoices" name="test_create_invoice_with_taxes" time="0.153" /><testcase classname="backend.tests.test_erp_api.TestInvoices" name="test_invoice_no_tax" time="0.118" /><testcase classname="backend.tests.test_erp_api.TestInvoices" name="test_list_invoices" time="0.114" /><testcase classname="backend.tests.test_erp_api.TestInvoices" name="test_get_invoice" time="0.121" /><testcase classname="backend.tests.test_erp_api.TestInvoices" name="test_update_invoice_status" time="0.163" /><testcase classname="backend.tests.test_erp_api.TestPurchaseOrders" name="test_create_po" time="0.123" /><testcase classname="backend.tests.test_erp_api.TestPurchaseOrders" name="test_list_pos" time="0.201" /><testcase classname="backend.tests.test_erp_api.TestBOL" name="test_create_bol" time="0.161" /><testcase classname="backend.tests.test_erp_api.TestBOL" name="test_list_bols" time="0.114" /><testcase classname="backend.tests.test_erp_api.TestDashboard" name="test_dashboard" time="0.105" /><testcase classname="backend.tests.test_erp_api.TestCSVExports" name="test_invoices_csv" time="0.122" /><testcase classname="backend.tests.test_erp_api.TestCSVExports" name="test_purchase_orders_csv" time="0.118" /><testcase classname="backend.tests.test_erp_api.TestCSVExports" name="test_bol_csv_endpoint_exists" time="0.113"><skipped type="pytest.skip" message="BOL CSV export endpoint not implemented (only invoices and POs available)">/app/backend/tests/test_erp_api.py:270: BOL CSV export endpoint not implemented (only invoices and POs available)</skipped></testcase><testcase classname="backend.tests.test_erp_api.TestPDF" name="test_invoice_pdf" time="0.170" /><testcase classname="backend.tests.test_erp_api.TestPDF" name="test_po_pdf" time="0.174" /><testcase classname="backend.tests.test_erp_api.TestPDF" name="test_bol_pdf" time="0.192" /><testcase classname="backend.tests.test_erp_api.TestEmail" name="test_send_invoice_email" time="0.776" /><testcase classname="backend.tests.test_erp_api.TestEmail" name="test_send_po_email" time="1.135" /><testcase classname="backend.tests.test_erp_api.TestEmail" name="test_send_bol_email" time="0.693" /><testcase classname="backend.tests.test_erp_api.TestZCleanup" name="test_delete_invoice" time="0.112" /><testcase classname="backend.tests.test_erp_api.TestZCleanup" name="test_delete_po" time="0.113" /><testcase classname="backend.tests.test_erp_api.TestZCleanup" name="test_delete_bol" time="0.129" /><testcase classname="backend.tests.test_erp_api.TestZCleanup" name="test_delete_product" time="0.128" /><testcase classname="backend.tests.test_erp_api.TestZCleanup" name="test_delete_parties" time="0.225" /><testcase classname="backend.tests.test_portech_api.TestRoot" name="test_root_message" time="0.107" /><testcase classname="backend.tests.test_portech_api.TestAuth" name="test_login_success" time="0.274" /><testcase classname="backend.tests.test_portech_api.TestAuth" name="test_login_wrong_password" time="0.278" /><testcase classname="backend.tests.test_portech_api.TestAuth" name="test_login_wrong_username" time="0.052" /><testcase classname="backend.tests.test_portech_api.TestAuth" name="test_me_with_bearer" time="0.327" /><testcase classname="backend.tests.test_portech_api.TestAuth" name="test_me_without_token" time="0.113" /><testcase classname="backend.tests.test_portech_api.TestAuth" name="test_logout_clears_cookie" time="0.429" /><testcase classname="backend.tests.test_portech_api.TestContact" name="test_post_valid_with_company_and_work_location" time="0.207" /><testcase classname="backend.tests.test_portech_api.TestContact" name="test_post_valid_without_company" time="0.240" /><testcase classname="backend.tests.test_portech_api.TestContact" name="test_post_missing_work_location_returns_422" time="0.051" /><testcase classname="backend.tests.test_portech_api.TestContact" name="test_post_invalid_email" time="0.046" /><testcase classname="backend.tests.test_portech_api.TestContact" name="test_post_missing_field[name]" time="0.059" /><testcase classname="backend.tests.test_portech_api.TestContact" name="test_post_missing_field[phone]" time="0.049" /><testcase classname="backend.tests.test_portech_api.TestContact" name="test_post_missing_field[email]" time="0.048" /><testcase classname="backend.tests.test_portech_api.TestContact" name="test_post_missing_field[message]" time="0.049" /><testcase classname="backend.tests.test_portech_api.TestContact" name="test_post_missing_field[work_location]" time="0.048" /><testcase classname="backend.tests.test_portech_api.TestAdmin" name="test_submissions_requires_auth" time="0.131" /><testcase classname="backend.tests.test_portech_api.TestAdmin" name="test_submissions_with_auth" time="0.052" /><testcase classname="backend.tests.test_portech_api.TestAdmin" name="test_stats_requires_auth" time="0.128" /><testcase classname="backend.tests.test_portech_api.TestAdmin" name="test_stats_with_auth" time="0.051" /><testcase classname="backend.tests.test_portech_api.TestAdmin" name="test_delete_submission" time="0.474" /><testcase classname="backend.tests.test_portech_api.TestStatus" name="test_post_status" time="0.058" /><testcase classname="backend.tests.test_portech_api.TestStatus" name="test_get_status" time="0.047" /></testsuite></testsuites>