<?xml version="1.0" encoding="utf-8"?><testsuites name="pytest tests"><testsuite name="pytest" errors="0" failures="0" skipped="0" tests="11" time="1.026" timestamp="2026-04-24T19:47:00.298491+00:00" hostname="agent-env-df4a38d2-ea6c-4cfd-aaf1-cbd96fc67fba"><testcase classname="backend.tests.test_portech_api.TestRoot" name="test_root_message" time="0.278" /><testcase classname="backend.tests.test_portech_api.TestContact" name="test_post_valid" time="0.065" /><testcase classname="backend.tests.test_portech_api.TestContact" name="test_post_with_project_type" time="0.064" /><testcase classname="backend.tests.test_portech_api.TestContact" name="test_post_invalid_email" time="0.063" /><testcase classname="backend.tests.test_portech_api.TestContact" name="test_post_missing_field[name]" time="0.059" /><testcase classname="backend.tests.test_portech_api.TestContact" name="test_post_missing_field[phone]" time="0.055" /><testcase classname="backend.tests.test_portech_api.TestContact" name="test_post_missing_field[email]" time="0.051" /><testcase classname="backend.tests.test_portech_api.TestContact" name="test_post_missing_field[message]" time="0.145" /><testcase classname="backend.tests.test_portech_api.TestContact" name="test_get_list_no_mongo_id" time="0.056" /><testcase classname="backend.tests.test_portech_api.TestStatus" name="test_post_status" time="0.063" /><testcase classname="backend.tests.test_portech_api.TestStatus" name="test_get_status" time="0.055" /></testsuite></testsuites>