<?xml version="1.0" encoding="utf-8"?><testsuites name="pytest tests"><testsuite name="pytest" errors="0" failures="0" skipped="0" tests="20" time="3.374" timestamp="2026-04-24T20:28:36.526471+00:00" hostname="agent-env-df4a38d2-ea6c-4cfd-aaf1-cbd96fc67fba"><testcase classname="backend.tests.test_portech_api.TestRoot" name="test_root_message" time="0.298" /><testcase classname="backend.tests.test_portech_api.TestAuth" name="test_login_success" time="0.277" /><testcase classname="backend.tests.test_portech_api.TestAuth" name="test_login_wrong_password" time="0.279" /><testcase classname="backend.tests.test_portech_api.TestAuth" name="test_login_wrong_username" time="0.054" /><testcase classname="backend.tests.test_portech_api.TestAuth" name="test_me_with_bearer" time="0.323" /><testcase classname="backend.tests.test_portech_api.TestAuth" name="test_me_without_token" time="0.141" /><testcase classname="backend.tests.test_portech_api.TestAuth" name="test_logout_clears_cookie" time="0.452" /><testcase classname="backend.tests.test_portech_api.TestContact" name="test_post_valid_triggers_email" time="0.271" /><testcase classname="backend.tests.test_portech_api.TestContact" name="test_post_invalid_email" time="0.058" /><testcase classname="backend.tests.test_portech_api.TestContact" name="test_post_missing_field[name]" time="0.050" /><testcase classname="backend.tests.test_portech_api.TestContact" name="test_post_missing_field[phone]" time="0.050" /><testcase classname="backend.tests.test_portech_api.TestContact" name="test_post_missing_field[email]" time="0.057" /><testcase classname="backend.tests.test_portech_api.TestContact" name="test_post_missing_field[message]" time="0.055" /><testcase classname="backend.tests.test_portech_api.TestAdmin" name="test_submissions_requires_auth" time="0.123" /><testcase classname="backend.tests.test_portech_api.TestAdmin" name="test_submissions_with_auth" time="0.051" /><testcase classname="backend.tests.test_portech_api.TestAdmin" name="test_stats_requires_auth" time="0.134" /><testcase classname="backend.tests.test_portech_api.TestAdmin" name="test_stats_with_auth" time="0.052" /><testcase classname="backend.tests.test_portech_api.TestAdmin" name="test_delete_submission" time="0.460" /><testcase classname="backend.tests.test_portech_api.TestStatus" name="test_post_status" time="0.050" /><testcase classname="backend.tests.test_portech_api.TestStatus" name="test_get_status" time="0.048" /></testsuite></testsuites>